[debug] [2017-07-08T19:37:51.771Z] ----------------------------------------------------------------------
[debug] [2017-07-08T19:37:51.771Z] Command:      C:\Program Files\nodejs\node.exe C:\Users\Dell\AppData\Roaming\npm\node_modules\firebase-tools\bin\firebase deploy
[debug] [2017-07-08T19:37:51.771Z] CLI Version:  3.9.1
[debug] [2017-07-08T19:37:51.771Z] Platform:     win32
[debug] [2017-07-08T19:37:51.771Z] Node Version: v6.11.0
[debug] [2017-07-08T19:37:51.771Z] Time:         Sun Jul 09 2017 01:07:51 GMT+0530 (India Standard Time)
[debug] [2017-07-08T19:37:51.771Z] ----------------------------------------------------------------------
[debug] 
[debug] [2017-07-08T19:37:51.795Z] > command requires scopes: ["email","openid","https://www.googleapis.com/auth/cloudplatformprojects.readonly","https://www.googleapis.com/auth/firebase","https://www.googleapis.com/auth/cloud-platform"]
[debug] [2017-07-08T19:37:51.795Z] > authorizing via signed-in user
[debug] [2017-07-08T19:37:51.799Z] >>> HTTP REQUEST GET https://admin.firebase.com/v1/projects/adg-official-main  
 Sun Jul 09 2017 01:07:51 GMT+0530 (India Standard Time)
[debug] [2017-07-08T19:37:55.491Z] <<< HTTP RESPONSE 200
[debug] [2017-07-08T19:37:55.491Z] >>> HTTP REQUEST GET https://admin.firebase.com/v1/database/adg-official-main/tokens  
 Sun Jul 09 2017 01:07:55 GMT+0530 (India Standard Time)
[debug] [2017-07-08T19:37:57.315Z] <<< HTTP RESPONSE 200
[info] 
[info] === Deploying to 'adg-official-main'...
[info] 
[info] i  deploying hosting
[info] i  hosting: preparing MAIN WEBSITE directory for upload...
[debug] [2017-07-08T19:38:09.474Z] >>> HTTP REQUEST PUT https://deploy.firebase.com/v1/hosting/adg-official-main/uploads/-KoYhN4qx0trX1c2ooKF?fileCount=170&message=  
 Sun Jul 09 2017 01:08:09 GMT+0530 (India Standard Time)
[debug] [2017-07-08T19:38:56.114Z] ----------------------------------------------------------------------
[debug] [2017-07-08T19:38:56.130Z] Command:      C:\Program Files\nodejs\node.exe C:\Users\Dell\AppData\Roaming\npm\node_modules\firebase-tools\bin\firebase deploy
[debug] [2017-07-08T19:38:56.130Z] CLI Version:  3.9.1
[debug] [2017-07-08T19:38:56.130Z] Platform:     win32
[debug] [2017-07-08T19:38:56.130Z] Node Version: v6.11.0
[debug] [2017-07-08T19:38:56.130Z] Time:         Sun Jul 09 2017 01:08:56 GMT+0530 (India Standard Time)
[debug] [2017-07-08T19:38:56.130Z] ----------------------------------------------------------------------
[debug] 
[debug] [2017-07-08T19:38:56.130Z] > command requires scopes: ["email","openid","https://www.googleapis.com/auth/cloudplatformprojects.readonly","https://www.googleapis.com/auth/firebase","https://www.googleapis.com/auth/cloud-platform"]
[debug] [2017-07-08T19:38:56.130Z] > authorizing via signed-in user
[debug] [2017-07-08T19:38:56.146Z] >>> HTTP REQUEST GET https://admin.firebase.com/v1/projects/adg-official-main  
 Sun Jul 09 2017 01:08:56 GMT+0530 (India Standard Time)
[debug] [2017-07-08T19:38:58.260Z] <<< HTTP RESPONSE 200
[debug] [2017-07-08T19:38:58.260Z] >>> HTTP REQUEST GET https://admin.firebase.com/v1/database/adg-official-main/tokens  
 Sun Jul 09 2017 01:08:58 GMT+0530 (India Standard Time)
[debug] [2017-07-08T19:38:59.891Z] <<< HTTP RESPONSE 200
[info] 
[info] === Deploying to 'adg-official-main'...
[info] 
[info] i  deploying hosting
[info] i  hosting: preparing MAIN WEBSITE directory for upload...
[debug] [2017-07-08T19:39:10.260Z] >>> HTTP REQUEST PUT https://deploy.firebase.com/v1/hosting/adg-official-main/uploads/-KoYhaqdSt0PUbtEGz7j?fileCount=170&message=  
 Sun Jul 09 2017 01:09:10 GMT+0530 (India Standard Time)
[debug] [2017-07-08T19:44:47.893Z] ----------------------------------------------------------------------
[debug] [2017-07-08T19:44:47.893Z] Command:      C:\Program Files\nodejs\node.exe C:\Users\Dell\AppData\Roaming\npm\node_modules\firebase-tools\bin\firebase deploy
[debug] [2017-07-08T19:44:47.893Z] CLI Version:  3.9.1
[debug] [2017-07-08T19:44:47.893Z] Platform:     win32
[debug] [2017-07-08T19:44:47.893Z] Node Version: v6.11.0
[debug] [2017-07-08T19:44:47.893Z] Time:         Sun Jul 09 2017 01:14:47 GMT+0530 (India Standard Time)
[debug] [2017-07-08T19:44:47.893Z] ----------------------------------------------------------------------
[debug] 
[debug] [2017-07-08T19:44:47.924Z] > command requires scopes: ["email","openid","https://www.googleapis.com/auth/cloudplatformprojects.readonly","https://www.googleapis.com/auth/firebase","https://www.googleapis.com/auth/cloud-platform"]
[debug] [2017-07-08T19:44:47.924Z] > authorizing via signed-in user
[debug] [2017-07-08T19:44:47.924Z] >>> HTTP REQUEST GET https://admin.firebase.com/v1/projects/adg-official-main  
 Sun Jul 09 2017 01:14:47 GMT+0530 (India Standard Time)
[debug] [2017-07-08T19:44:51.752Z] <<< HTTP RESPONSE 200
[debug] [2017-07-08T19:44:51.756Z] >>> HTTP REQUEST GET https://admin.firebase.com/v1/database/adg-official-main/tokens  
 Sun Jul 09 2017 01:14:51 GMT+0530 (India Standard Time)
[debug] [2017-07-08T19:44:53.793Z] <<< HTTP RESPONSE 200
[info] 
[info] === Deploying to 'adg-official-main'...
[info] 
[info] i  deploying hosting
[info] i  hosting: preparing MAIN WEBSITE directory for upload...
[debug] [2017-07-08T19:45:04.306Z] >>> HTTP REQUEST PUT https://deploy.firebase.com/v1/hosting/adg-official-main/uploads/-KoYixf6Ly8vkc8Zu4tq?fileCount=170&message=  
 Sun Jul 09 2017 01:15:04 GMT+0530 (India Standard Time)
